nohup: ignoring input
0
not added
0
not added
0
0
not added
0
not added
0
not added
0
not added
0
not added
0
not added
0
not added
0
not added
0
not added
0
not added
0
0
not added
0
not added
0
not added
0
not added
0
not added
0
not added
0
not added
0
not added
0
not added
0
not added
0
not added
0
not added
0
0
not added
0
not added
0
not added
0
not added
0
not added
0
tweet added:1
1
not added
1
not added
1
1
1
not added
1
not added
1
not added
1
not added
1
not added
1
not added
1
not added
1
not added
1
not added
1
not added
1
not added
1
not added
1
not added
1
1
not added
1
not added
1
not added
1
not added
1
not added
1
not added
1
not added
1
not added
1
not added
1
not added
1
not added
1
not added
1
not added
1
not added
1
not added
1
not added
1
1
1
tweet added:2
2
not added
2
not added
2
not added
2
2
not added
2
not added
2
not added
2
not added
2
not added
2
not added
2
not added
2
not added
2
not added
2
not added
2
not added
2
not added
2
not added
2
not added
2
not added
2
2
not added
2
not added
2
2
tweet added:3
3
not added
3
not added
3
not added
3
not added
3
3
not added
3
not added
3
3
3
not added
3
not added
3
3
not added
3
not added
3
not added
3
not added
3
not added
3
not added
3
not added
3
3
not added
3
not added
3
not added
3
not added
3
not added
3
not added
3
not added
3
not added
3
not added
3
not added
3
not added
3
not added
3
not added
3
3
not added
3
not added
3
3
not added
3
not added
3
not added
3
not added
3
not added
3
not added
3
not added
3
not added
3
tweet added:4
4
tweet added:5
5
ended
